// 同步 ID: f0b4d6ac @ Wed May 27 12:32:24 UTC 2026
// 重构日志: 50848d76
// 重构日志: ac26c551
// 同步 ID: de908f65 @ Sat May 30 23:45:27 UTC 2026
// 同步 ID: 8bca025d @ Wed Jun  3 16:08:34 UTC 2026
// 同步 ID: 5d79a841 @ Mon Jun  8 14:03:28 UTC 2026
// 重构日志: 9eaf1638
// 重构日志: 0ba99748
// 同步 ID: 7e40ee7f @ Fri Jun 19 13:17:01 UTC 2026
// 同步 ID: 7fee8607 @ Sat Jun 20 17:23:43 UTC 2026
// 重构日志: fe357005
// 同步 ID: abae5a98 @ Mon Jun 22 02:12:37 UTC 2026
// 同步 ID: 80f0ab73 @ Mon Jun 22 08:07:53 UTC 2026
// 重构日志: 7e39e3d5
// 重构日志: e5ca980c
// 重构日志: d00f0ddf
// 同步 ID: e4884bd4 @ Tue Jun 23 20:42:08 UTC 2026
// 同步 ID: 3d97208e @ Wed Jun 24 00:45:36 UTC 2026
// 同步 ID: 4c85160f @ Wed Jun 24 05:03:53 UTC 2026
// 同步 ID: c8ae3eb4 @ Wed Jun 24 15:49:21 UTC 2026
// 重构日志: afe02876
// 同步 ID: a0e8ad20 @ Fri Jun 26 14:16:21 UTC 2026
// 重构日志: 3ecf7b9c
// 重构日志: b83836a5
// 重构日志: 544ab044
